<?xml version="1.0" encoding="UTF-8"?>
<!-- Generated by org.testng.reporters.JUnitXMLReporter -->
<testsuite hostname="GEORGE" name="TC_3" tests="3" failures="0" timestamp="28 Oct 2020 21:36:25 GMT" time="8.346" errors="0">
  <testcase name="extentReportsDemo" time="0.0" classname="com.gSTAX.Setup.InitialSetup"/>
  <testcase name="test" time="4.563" classname="com.gSTAX.Tests.Facebook"/>
  <testcase name="extentReportsDemo" time="0.0" classname="com.gSTAX.Tests.Facebook"/>
</testsuite> <!-- TC_3 -->
