<?xml version="1.0" encoding="UTF-8"?>
<testng-results skipped="0" failed="0" total="1" passed="1">
  <reporter-output>
  </reporter-output>
  <suite name="Suite" duration-ms="28699" started-at="2020-10-28T21:35:57Z" finished-at="2020-10-28T21:36:25Z">
    <groups>
    </groups>
    <test name="Test" duration-ms="28699" started-at="2020-10-28T21:35:57Z" finished-at="2020-10-28T21:36:25Z">
      <class name="com.gSTAX.Setup.CreateXML">
        <test-method status="PASS" signature="runTestNGTest()[pri:0, instance:com.gSTAX.Setup.CreateXML@2752f6e2]" name="runTestNGTest" duration-ms="28686" started-at="2020-10-29T03:05:57Z" finished-at="2020-10-29T03:06:25Z">
          <reporter-output>
          </reporter-output>
        </test-method> <!-- runTestNGTest -->
      </class> <!-- com.gSTAX.Setup.CreateXML -->
    </test> <!-- Test -->
  </suite> <!-- Suite -->
</testng-results>
